0 info it worked if it ends with ok
1 verbose cli [ 'C:\\Program Files\\nodejs\\node.exe',
1 verbose cli   'C:\\Program Files\\nodejs\\node_modules\\npm\\bin\\npm-cli.js',
1 verbose cli   'install',
1 verbose cli   'zone.js' ]
2 info using npm@2.14.20
3 info using node@v4.4.0
4 verbose install initial load of C:\Users\Opulent\Desktop\Angular 2\package.json
5 warn package.json angular2-tutsplus@1.0.0 No description
6 warn package.json angular2-tutsplus@1.0.0 No repository field.
7 warn package.json angular2-tutsplus@1.0.0 No README data
8 warn package.json angular2-tutsplus@1.0.0 No license field.
9 verbose installManyTop reading scoped package data from C:\Users\Opulent\Desktop\Angular 2\node_modules\angular2\package.json
10 verbose installManyTop reading scoped package data from C:\Users\Opulent\Desktop\Angular 2\node_modules\concurrently\package.json
11 verbose installManyTop reading scoped package data from C:\Users\Opulent\Desktop\Angular 2\node_modules\es6-promise\package.json
12 verbose installManyTop reading scoped package data from C:\Users\Opulent\Desktop\Angular 2\node_modules\es6-shim\package.json
13 verbose installManyTop reading scoped package data from C:\Users\Opulent\Desktop\Angular 2\node_modules\lite-server\package.json
14 verbose installManyTop reading scoped package data from C:\Users\Opulent\Desktop\Angular 2\node_modules\reflect-metadata\package.json
15 verbose installManyTop reading scoped package data from C:\Users\Opulent\Desktop\Angular 2\node_modules\rxjs\package.json
16 verbose installManyTop reading scoped package data from C:\Users\Opulent\Desktop\Angular 2\node_modules\systemjs\package.json
17 verbose installManyTop reading scoped package data from C:\Users\Opulent\Desktop\Angular 2\node_modules\typescript\package.json
18 verbose installManyTop reading scoped package data from C:\Users\Opulent\Desktop\Angular 2\node_modules\typings\package.json
19 verbose readDependencies loading dependencies from C:\Users\Opulent\Desktop\Angular 2\package.json
20 silly cache add args [ 'zone.js@0.5.11', null ]
21 verbose cache add spec zone.js@0.5.11
22 silly cache add parsed spec Result {
22 silly cache add   raw: 'zone.js@0.5.11',
22 silly cache add   scope: null,
22 silly cache add   name: 'zone.js',
22 silly cache add   rawSpec: '0.5.11',
22 silly cache add   spec: '0.5.11',
22 silly cache add   type: 'version' }
23 silly addNamed zone.js@0.5.11
24 verbose addNamed "0.5.11" is a plain semver version for zone.js
25 silly mapToRegistry name zone.js
26 silly mapToRegistry using default registry
27 silly mapToRegistry registry https://registry.npmjs.org/
28 silly mapToRegistry uri https://registry.npmjs.org/zone.js
29 verbose addNameVersion registry:https://registry.npmjs.org/zone.js not in flight; fetching
30 verbose request uri https://registry.npmjs.org/zone.js
31 verbose request no auth needed
32 info attempt registry request try #1 at 11:44:59 AM
33 verbose request id 902f036cacc523f3
34 verbose etag "87QAO6KA6I91IPYI3SAYWH99D"
35 http request GET https://registry.npmjs.org/zone.js
36 http 304 https://registry.npmjs.org/zone.js
37 verbose headers { date: 'Fri, 20 May 2016 06:15:09 GMT',
37 verbose headers   via: '1.1 varnish',
37 verbose headers   'cache-control': 'max-age=300',
37 verbose headers   etag: '"87QAO6KA6I91IPYI3SAYWH99D"',
37 verbose headers   age: '291',
37 verbose headers   connection: 'keep-alive',
37 verbose headers   'x-served-by': 'cache-sin6923-SIN',
37 verbose headers   'x-cache': 'HIT',
37 verbose headers   'x-cache-hits': '3',
37 verbose headers   'x-timer': 'S1463724909.803473,VS0,VE0',
37 verbose headers   vary: 'Accept-Encoding' }
38 silly get cb [ 304,
38 silly get   { date: 'Fri, 20 May 2016 06:15:09 GMT',
38 silly get     via: '1.1 varnish',
38 silly get     'cache-control': 'max-age=300',
38 silly get     etag: '"87QAO6KA6I91IPYI3SAYWH99D"',
38 silly get     age: '291',
38 silly get     connection: 'keep-alive',
38 silly get     'x-served-by': 'cache-sin6923-SIN',
38 silly get     'x-cache': 'HIT',
38 silly get     'x-cache-hits': '3',
38 silly get     'x-timer': 'S1463724909.803473,VS0,VE0',
38 silly get     vary: 'Accept-Encoding' } ]
39 verbose etag https://registry.npmjs.org/zone.js from cache
40 verbose get saving zone.js to C:\Users\Opulent\AppData\Roaming\npm-cache\registry.npmjs.org\zone.js\.cache.json
41 verbose correctMkdir C:\Users\Opulent\AppData\Roaming\npm-cache correctMkdir not in flight; initializing
42 silly cache afterAdd zone.js@0.5.11
43 verbose afterAdd C:\Users\Opulent\AppData\Roaming\npm-cache\zone.js\0.5.11\package\package.json not in flight; writing
44 verbose correctMkdir C:\Users\Opulent\AppData\Roaming\npm-cache correctMkdir not in flight; initializing
45 verbose afterAdd C:\Users\Opulent\AppData\Roaming\npm-cache\zone.js\0.5.11\package\package.json written
46 silly install resolved [ { name: 'zone.js',
46 silly install resolved     version: '0.5.11',
46 silly install resolved     description: 'Zones for JavaScript',
46 silly install resolved     main: 'lib/zone.js',
46 silly install resolved     files: [ 'lib', 'dist' ],
46 silly install resolved     directories: { lib: 'lib', test: 'test' },
46 silly install resolved     scripts:
46 silly install resolved      { postinstall: 'tsd install',
46 silly install resolved        tsc: 'tsc',
46 silly install resolved        'tsc:w': 'tsc -w',
46 silly install resolved        test: 'karma start karma.conf.js',
46 silly install resolved        serve: 'python -m SimpleHTTPServer 8000' },
46 silly install resolved     repository: { type: 'git', url: 'git://github.com/angular/zone.js.git' },
46 silly install resolved     author: { name: 'Brian Ford' },
46 silly install resolved     license: 'MIT',
46 silly install resolved     bugs: { url: 'https://github.com/angular/zone.js/issues' },
46 silly install resolved     dependencies: { 'es6-promise': '^3.0.2' },
46 silly install resolved     devDependencies:
46 silly install resolved      { gulp: '^3.8.11',
46 silly install resolved        'gulp-util': '^3.0.7',
46 silly install resolved        'gulp-rename': '^1.2.2',
46 silly install resolved        'gulp-uglify': '^1.2.0',
46 silly install resolved        'jasmine-core': '^2.2.0',
46 silly install resolved        'karma-firefox-launcher': '^0.1.4',
46 silly install resolved        'karma-safari-launcher': '^0.1.1',
46 silly install resolved        'karma-sauce-launcher': '^0.2.10',
46 silly install resolved        karma: '^0.13.14',
46 silly install resolved        'karma-chrome-launcher': '^0.2.1',
46 silly install resolved        'karma-jasmine': '^0.3.6',
46 silly install resolved        'karma-sourcemap-loader': '^0.3.6',
46 silly install resolved        'karma-webpack': '^1.7.0',
46 silly install resolved        'ts-loader': '^0.6.0',
46 silly install resolved        tsd: '^0.6.5',
46 silly install resolved        typescript: '^1.7.3',
46 silly install resolved        webpack: '^1.12.2',
46 silly install resolved        'nodejs-websocket': '^1.2.0',
46 silly install resolved        'vinyl-buffer': '^1.0.0',
46 silly install resolved        'vinyl-source-stream': '^1.1.0' },
46 silly install resolved     gitHead: '62955d151e1d90532881934f0da8598e6c93b384',
46 silly install resolved     homepage: 'https://github.com/angular/zone.js#readme',
46 silly install resolved     _id: 'zone.js@0.5.11',
46 silly install resolved     _shasum: '97b84ef72ed1223b6c17c23d414b912c3db86827',
46 silly install resolved     _from: 'zone.js@0.5.11',
46 silly install resolved     _npmVersion: '2.14.7',
46 silly install resolved     _nodeVersion: '4.2.2',
46 silly install resolved     _npmUser: { name: 'btford', email: 'briantford@gmail.com' },
46 silly install resolved     dist:
46 silly install resolved      { shasum: '97b84ef72ed1223b6c17c23d414b912c3db86827',
46 silly install resolved        tarball: 'https://registry.npmjs.org/zone.js/-/zone.js-0.5.11.tgz' },
46 silly install resolved     maintainers: [ [Object] ],
46 silly install resolved     _resolved: 'https://registry.npmjs.org/zone.js/-/zone.js-0.5.11.tgz',
46 silly install resolved     readme: 'ERROR: No README data found!' } ]
47 info install zone.js@0.5.11 into C:\Users\Opulent\Desktop\Angular 2
48 info installOne zone.js@0.5.11
49 verbose installOne of zone.js to C:\Users\Opulent\Desktop\Angular 2 not in flight; installing
50 verbose correctMkdir C:\Users\Opulent\AppData\Roaming\npm-cache\_locks correctMkdir not in flight; initializing
51 verbose lock using C:\Users\Opulent\AppData\Roaming\npm-cache\_locks\zone-js-81a1b170baab4591.lock for C:\Users\Opulent\Desktop\Angular 2\node_modules\zone.js
52 silly install write writing zone.js 0.5.11 to C:\Users\Opulent\Desktop\Angular 2\node_modules\zone.js
53 verbose unbuild node_modules\zone.js
54 silly gentlyRm C:\Users\Opulent\Desktop\Angular 2\node_modules\zone.js is being purged from base C:\Users\Opulent\Desktop\Angular 2
55 verbose gentlyRm don't care about contents; nuking C:\Users\Opulent\Desktop\Angular 2\node_modules\zone.js
56 verbose tar unpack C:\Users\Opulent\AppData\Roaming\npm-cache\zone.js\0.5.11\package.tgz
57 verbose tar unpacking to C:\Users\Opulent\Desktop\Angular 2\node_modules\zone.js
58 silly gentlyRm C:\Users\Opulent\Desktop\Angular 2\node_modules\zone.js is being purged
59 verbose gentlyRm don't care about contents; nuking C:\Users\Opulent\Desktop\Angular 2\node_modules\zone.js
60 silly gunzTarPerm modes [ '777', '666' ]
61 silly gunzTarPerm extractEntry package.json
62 silly gunzTarPerm modified mode [ 'package.json', 420, 438 ]
63 silly gunzTarPerm extractEntry README.md
64 silly gunzTarPerm modified mode [ 'README.md', 420, 438 ]
65 silly gunzTarPerm extractEntry LICENSE
66 silly gunzTarPerm modified mode [ 'LICENSE', 420, 438 ]
67 silly gunzTarPerm extractEntry dist/jasmine-patch.js
68 silly gunzTarPerm modified mode [ 'dist/jasmine-patch.js', 420, 438 ]
69 silly gunzTarPerm extractEntry dist/jasmine-patch.min.js
70 silly gunzTarPerm modified mode [ 'dist/jasmine-patch.min.js', 420, 438 ]
71 silly gunzTarPerm extractEntry dist/long-stack-trace-zone.js
72 silly gunzTarPerm modified mode [ 'dist/long-stack-trace-zone.js', 420, 438 ]
73 silly gunzTarPerm extractEntry dist/long-stack-trace-zone.min.js
74 silly gunzTarPerm modified mode [ 'dist/long-stack-trace-zone.min.js', 420, 438 ]
75 silly gunzTarPerm extractEntry dist/zone-microtask.js
76 silly gunzTarPerm modified mode [ 'dist/zone-microtask.js', 420, 438 ]
77 silly gunzTarPerm extractEntry dist/zone-microtask.min.js
78 silly gunzTarPerm modified mode [ 'dist/zone-microtask.min.js', 420, 438 ]
79 silly gunzTarPerm extractEntry dist/zone.js
80 silly gunzTarPerm modified mode [ 'dist/zone.js', 420, 438 ]
81 silly gunzTarPerm extractEntry dist/zone.min.js
82 silly gunzTarPerm modified mode [ 'dist/zone.min.js', 420, 438 ]
83 silly gunzTarPerm extractEntry lib/browser/jasmine-patch.ts
84 silly gunzTarPerm modified mode [ 'lib/browser/jasmine-patch.ts', 420, 438 ]
85 silly gunzTarPerm extractEntry lib/browser/long-stack-trace-zone.ts
86 silly gunzTarPerm modified mode [ 'lib/browser/long-stack-trace-zone.ts', 420, 438 ]
87 silly gunzTarPerm extractEntry lib/browser/zone-microtask.ts
88 silly gunzTarPerm modified mode [ 'lib/browser/zone-microtask.ts', 420, 438 ]
89 silly gunzTarPerm extractEntry lib/browser/zone.ts
90 silly gunzTarPerm modified mode [ 'lib/browser/zone.ts', 420, 438 ]
91 silly gunzTarPerm extractEntry lib/core.ts
92 silly gunzTarPerm modified mode [ 'lib/core.ts', 420, 438 ]
93 silly gunzTarPerm extractEntry lib/jasmine/patch.ts
94 silly gunzTarPerm modified mode [ 'lib/jasmine/patch.ts', 420, 438 ]
95 silly gunzTarPerm extractEntry lib/keys.ts
96 silly gunzTarPerm modified mode [ 'lib/keys.ts', 420, 438 ]
97 silly gunzTarPerm extractEntry lib/microtask.ts
98 silly gunzTarPerm modified mode [ 'lib/microtask.ts', 420, 438 ]
99 silly gunzTarPerm extractEntry lib/patch/geolocation.ts
100 silly gunzTarPerm modified mode [ 'lib/patch/geolocation.ts', 420, 438 ]
101 silly gunzTarPerm extractEntry lib/patch/browser.ts
102 silly gunzTarPerm modified mode [ 'lib/patch/browser.ts', 420, 438 ]
103 silly gunzTarPerm extractEntry lib/patch/event-target.ts
104 silly gunzTarPerm modified mode [ 'lib/patch/event-target.ts', 420, 438 ]
105 silly gunzTarPerm extractEntry lib/patch/file-reader.ts
106 silly gunzTarPerm modified mode [ 'lib/patch/file-reader.ts', 420, 438 ]
107 silly gunzTarPerm extractEntry lib/patch/functions.ts
108 silly gunzTarPerm modified mode [ 'lib/patch/functions.ts', 420, 438 ]
109 silly gunzTarPerm extractEntry lib/patch/define-property.ts
110 silly gunzTarPerm modified mode [ 'lib/patch/define-property.ts', 420, 438 ]
111 silly gunzTarPerm extractEntry lib/patch/mutation-observer.ts
112 silly gunzTarPerm modified mode [ 'lib/patch/mutation-observer.ts', 420, 438 ]
113 silly gunzTarPerm extractEntry lib/patch/promise.ts
114 silly gunzTarPerm modified mode [ 'lib/patch/promise.ts', 420, 438 ]
115 silly gunzTarPerm extractEntry lib/patch/property-descriptor.ts
116 silly gunzTarPerm modified mode [ 'lib/patch/property-descriptor.ts', 420, 438 ]
117 silly gunzTarPerm extractEntry lib/patch/register-element.ts
118 silly gunzTarPerm modified mode [ 'lib/patch/register-element.ts', 420, 438 ]
119 silly gunzTarPerm extractEntry lib/patch/websocket.ts
120 silly gunzTarPerm modified mode [ 'lib/patch/websocket.ts', 420, 438 ]
121 silly gunzTarPerm extractEntry lib/utils.ts
122 silly gunzTarPerm modified mode [ 'lib/utils.ts', 420, 438 ]
123 silly gunzTarPerm extractEntry lib/wtf.ts
124 silly gunzTarPerm modified mode [ 'lib/wtf.ts', 420, 438 ]
125 silly gunzTarPerm extractEntry lib/zone.ts
126 silly gunzTarPerm modified mode [ 'lib/zone.ts', 420, 438 ]
127 silly gunzTarPerm extractEntry lib/zones/long-stack-trace.ts
128 silly gunzTarPerm modified mode [ 'lib/zones/long-stack-trace.ts', 420, 438 ]
129 verbose write writing to C:\Users\Opulent\Desktop\Angular 2\node_modules\zone.js\package.json
130 info preinstall zone.js@0.5.11
131 verbose readDependencies loading dependencies from C:\Users\Opulent\Desktop\Angular 2\node_modules\zone.js\package.json
132 verbose readDependencies loading dependencies from C:\Users\Opulent\Desktop\Angular 2\node_modules\zone.js\package.json
133 silly install resolved []
134 verbose about to build C:\Users\Opulent\Desktop\Angular 2\node_modules\zone.js
135 info build C:\Users\Opulent\Desktop\Angular 2\node_modules\zone.js
136 info linkStuff zone.js@0.5.11
137 silly linkStuff zone.js@0.5.11 has C:\Users\Opulent\Desktop\Angular 2\node_modules as its parent node_modules
138 verbose linkBins zone.js@0.5.11
139 verbose linkMans zone.js@0.5.11
140 verbose rebuildBundles zone.js@0.5.11
141 info install zone.js@0.5.11
142 info postinstall zone.js@0.5.11
143 verbose unsafe-perm in lifecycle true
144 info zone.js@0.5.11 Failed to exec postinstall script
145 verbose unlock done using C:\Users\Opulent\AppData\Roaming\npm-cache\_locks\zone-js-81a1b170baab4591.lock for C:\Users\Opulent\Desktop\Angular 2\node_modules\zone.js
146 verbose stack Error: zone.js@0.5.11 postinstall: `tsd install`
146 verbose stack Exit status 1
146 verbose stack     at EventEmitter.<anonymous> (C:\Program Files\nodejs\node_modules\npm\lib\utils\lifecycle.js:214:16)
146 verbose stack     at emitTwo (events.js:87:13)
146 verbose stack     at EventEmitter.emit (events.js:172:7)
146 verbose stack     at ChildProcess.<anonymous> (C:\Program Files\nodejs\node_modules\npm\lib\utils\spawn.js:24:14)
146 verbose stack     at emitTwo (events.js:87:13)
146 verbose stack     at ChildProcess.emit (events.js:172:7)
146 verbose stack     at maybeClose (internal/child_process.js:827:16)
146 verbose stack     at Process.ChildProcess._handle.onexit (internal/child_process.js:211:5)
147 verbose pkgid zone.js@0.5.11
148 verbose cwd C:\Users\Opulent\Desktop\Angular 2
149 error Windows_NT 6.1.7600
150 error argv "C:\\Program Files\\nodejs\\node.exe" "C:\\Program Files\\nodejs\\node_modules\\npm\\bin\\npm-cli.js" "install" "zone.js"
151 error node v4.4.0
152 error npm  v2.14.20
153 error code ELIFECYCLE
154 error zone.js@0.5.11 postinstall: `tsd install`
154 error Exit status 1
155 error Failed at the zone.js@0.5.11 postinstall script 'tsd install'.
155 error This is most likely a problem with the zone.js package,
155 error not with npm itself.
155 error Tell the author that this fails on your system:
155 error     tsd install
155 error You can get information on how to open an issue for this project with:
155 error     npm bugs zone.js
155 error Or if that isn't available, you can get their info via:
155 error
155 error     npm owner ls zone.js
155 error There is likely additional logging output above.
156 verbose exit [ 1, true ]
157 verbose unbuild node_modules\zone.js
158 info preuninstall zone.js@0.5.11
159 info uninstall zone.js@0.5.11
160 verbose unbuild rmStuff zone.js@0.5.11 from C:\Users\Opulent\Desktop\Angular 2\node_modules
161 info postuninstall zone.js@0.5.11
162 silly gentlyRm C:\Users\Opulent\Desktop\Angular 2\node_modules\zone.js is being purged from base C:\Users\Opulent\Desktop\Angular 2
163 verbose gentlyRm don't care about contents; nuking C:\Users\Opulent\Desktop\Angular 2\node_modules\zone.js
164 silly vacuum-fs purging C:\Users\Opulent\Desktop\Angular 2\node_modules\zone.js
165 silly vacuum-fs quitting because other entries in C:\Users\Opulent\Desktop\Angular 2\node_modules
